Removed Pin From Net: NetName=BAT- Pin=Q1-2
Removed Pin From Net: NetName=BAT- Pin=Q1-3
Removed Pin From Net: NetName=GND Pin=Q1-6
Removed Pin From Net: NetName=GND Pin=Q1-7
Removed Pin From Net: NetName=NetQ1_4 Pin=U4-1
Change Component Footprint: Designator=R10 Old Footprint=RESC2013X60X35NL10T20 New Footprint=RESC2013X60X35NL10T20
Change Component Footprint: Designator=Q1 Old Footprint=SOP65P640X120-8N New Footprint=SOT95P280X145-6N
Change Component Comment : Designator=Q1 Old Comment=FS8205A New Comment=FS8205
Change component parameters: Designator = "Q1" ("Q1"); Footprint = "SOP65P640X120-8N"; UniqueID = "\IXPMSDXV" ("\IXPMSDXV")
Change component parameters (AddParameter): Name = "Check_prices"; Value = "https://www.snapeda.com/parts/FS8205/Fortune+Semiconductor/view-part/?ref=eda"; VariantName = "[No Variations]"
Change component parameters (AddParameter): Name = "MF"; Value = "Fortune Semiconductor"; VariantName = "[No Variations]"
Change component parameters (AddParameter): Name = "MP"; Value = "FS8205"; VariantName = "[No Variations]"
Change component parameters (AddParameter): Name = "Package"; Value = "Package"; VariantName = "[No Variations]"
Change component parameters (AddParameter): Name = "SnapEDA_Link"; Value = "https://www.snapeda.com/parts/FS8205/Fortune+Semiconductor/view-part/?ref=snap"; VariantName = "[No Variations]"
Change component parameters (AddParameter): Name = "Value"; Value = ""; VariantName = "[No Variations]"
Added Pin To Net: NetName=BAT- Pin=Q1-1
Added Pin To Net: NetName=GND Pin=Q1-3
Added Pin To Net: NetName=NetQ1_4 Pin=U4-3
Add Pin To Net: Unknown Pin: Pin U4-6
Added Pin To Net: NetName=NetQ1_2 Pin=Q1-2
Added Pin To Net: NetName=NetQ1_2 Pin=Q1-5
Added Net: Name=NetQ1_2
Added Pin To Net: NetName=NetQ1_6 Pin=Q1-6
Added Pin To Net: NetName=NetQ1_6 Pin=U4-1
Added Net: Name=NetQ1_6
